<?xml version="1.0" encoding="UTF-8"?>
<!-- Generated by org.testng.reporters.JUnitXMLReporter -->
<testsuite ignored="0" hostname="DESKTOP-2GNJ49D" failures="0" tests="3" name="Default test" time="124.15" errors="0" timestamp="2022-07-07T22:14:39 GMT-07:00">
  <testcase classname="practise.HomePage" name="basePageNavigation" time="38.28"/>
  <testcase classname="practise.HomePage" name="basePageNavigation" time="33.249"/>
  <testcase classname="practise.HomePage" name="basePageNavigation" time="52.449"/>
</testsuite> <!-- Default test -->
