<?xml version="1.0" encoding="UTF-8"?>
<testng-results ignored="0" total="3" passed="3" failed="0" skipped="0">
  <reporter-output>
  </reporter-output>
  <suite started-at="2022-07-07T22:12:34 GMT-07:00" name="Default suite" finished-at="2022-07-07T22:14:39 GMT-07:00" duration-ms="124150">
    <groups>
    </groups>
    <test started-at="2022-07-07T22:12:34 GMT-07:00" name="Default test" finished-at="2022-07-07T22:14:39 GMT-07:00" duration-ms="124150">
      <class name="practise.HomePage">
        <test-method signature="basePageNavigation(java.lang.String,java.lang.String)[pri:0, instance:practise.HomePage@54bff557]" started-at="2022-07-07T22:12:34 GMT-07:00" name="basePageNavigation" data-provider="getdata" finished-at="2022-07-07T22:13:13 GMT-07:00" duration-ms="38280" status="PASS">
          <params>
            <param index="0">
              <value>
                <![CDATA[testpractise@gmail.com]]>
              </value>
            </param>
            <param index="1">
              <value>
                <![CDATA[test123]]>
              </value>
            </param>
          </params>
          <reporter-output>
          </reporter-output>
        </test-method> <!-- basePageNavigation -->
        <test-method signature="basePageNavigation(java.lang.String,java.lang.String)[pri:0, instance:practise.HomePage@54bff557]" started-at="2022-07-07T22:13:13 GMT-07:00" name="basePageNavigation" data-provider="getdata" finished-at="2022-07-07T22:13:46 GMT-07:00" duration-ms="33249" status="PASS">
          <params>
            <param index="0">
              <value>
                <![CDATA[testpractise2@gmail.com]]>
              </value>
            </param>
            <param index="1">
              <value>
                <![CDATA[test1233]]>
              </value>
            </param>
          </params>
          <reporter-output>
          </reporter-output>
        </test-method> <!-- basePageNavigation -->
        <test-method signature="basePageNavigation(java.lang.String,java.lang.String)[pri:0, instance:practise.HomePage@54bff557]" started-at="2022-07-07T22:13:46 GMT-07:00" name="basePageNavigation" data-provider="getdata" finished-at="2022-07-07T22:14:38 GMT-07:00" duration-ms="52449" status="PASS">
          <params>
            <param index="0">
              <value>
                <![CDATA[testpractise22@gmail.com]]>
              </value>
            </param>
            <param index="1">
              <value>
                <![CDATA[test12332]]>
              </value>
            </param>
          </params>
          <reporter-output>
          </reporter-output>
        </test-method> <!-- basePageNavigation -->
        <test-method is-config="true" signature="afterTest()[pri:0, instance:practise.HomePage@54bff557]" started-at="2022-07-07T22:14:38 GMT-07:00" name="afterTest" finished-at="2022-07-07T22:14:39 GMT-07:00" duration-ms="96" status="PASS">
          <reporter-output>
          </reporter-output>
        </test-method> <!-- afterTest -->
      </class> <!-- practise.HomePage -->
    </test> <!-- Default test -->
  </suite> <!-- Default suite -->
</testng-results>
